2024-10-24 7:18:08 PM +0000  Initial pipeline context: <IDEDistributionProcessingPipelineContext: 0x7f8b2d3434b0; archive(resolved)="<IDEArchive: 0x60001bf18c40>", distributionTask(resolved)="2", distributionDestination(resolved)="1", distributionMethod(resolved)="<IDEDistributionMethodDeveloperID: 0x60000547f820>", team(resolved)="<IDEProvisioningDisambiguatableBasicTeam: 0x600000264240; teamID='8XN79M4JCJ', teamName='Richard Hughes', teamType='Individual', username='richie_uk@icloud.com', isFreeProvisioningTeam='0'>">
	Chain (13, self inclusive):
	<IDEDistributionProcessingPipelineContext: 0x7f8b2d3434b0; archive = "<IDEArchive: 0x60001bf18c40>", distributionMethod="<IDEDistributionMethodDeveloperID: 0x60000547f820>", team="<IDEProvisioningDisambiguatableBasicTeam: 0x600000264240; teamID='8XN79M4JCJ', teamName='Richard Hughes', teamType='Individual', username='richie_uk@icloud.com', isFreeProvisioningTeam='0'>">
	<IDEDistributionProcessingPipelineContext: 0x7f8b3f49e230; archive = "<IDEArchive: 0x60001bf18c40>", distributionMethod="<IDEDistributionMethodDeveloperID: 0x60000547f820>", team="<IDEProvisioningDisambiguatableBasicTeam: 0x600000264240; teamID='8XN79M4JCJ', teamName='Richard Hughes', teamType='Individual', username='richie_uk@icloud.com', isFreeProvisioningTeam='0'>">
	<IDEDistributionContext: 0x7f8b1c92c340; archive = "<IDEArchive: 0x60001bf18c40>", distributionMethod="<IDEDistributionMethodDeveloperID: 0x60000547f820>", team="<IDEProvisioningDisambiguatableBasicTeam: 0x600000264240; teamID='8XN79M4JCJ', teamName='Richard Hughes', teamType='Individual', username='richie_uk@icloud.com', isFreeProvisioningTeam='0'>">
	<IDEDistributionContext: 0x7f8b264ad6f0; archive = "<IDEArchive: 0x60001bf18c40>", distributionMethod="<IDEDistributionMethodDeveloperID: 0x60000547f820>", team="<IDEProvisioningDisambiguatableBasicTeam: 0x600000264240; teamID='8XN79M4JCJ', teamName='Richard Hughes', teamType='Individual', username='richie_uk@icloud.com', isFreeProvisioningTeam='0'>">
	<IDEDistributionContext: 0x7f8b261ebc30; archive = "<IDEArchive: 0x60001bf18c40>", distributionMethod="<IDEDistributionMethodDeveloperID: 0x60000547f820>", team="<IDEProvisioningDisambiguatableBasicTeam: 0x600000264240; teamID='8XN79M4JCJ', teamName='Richard Hughes', teamType='Individual', username='richie_uk@icloud.com', isFreeProvisioningTeam='0'>">
	<IDEDistributionContext: 0x7f8b27685010; archive = "<IDEArchive: 0x60001bf18c40>", distributionMethod="<IDEDistributionMethodDeveloperID: 0x60000547f820>", team="<IDEProvisioningDisambiguatableBasicTeam: 0x600000264240; teamID='8XN79M4JCJ', teamName='Richard Hughes', teamType='Individual', username='richie_uk@icloud.com', isFreeProvisioningTeam='0'>">
	<IDEDistributionContext: 0x7f8b0d3a1210; archive = "<IDEArchive: 0x60001bf18c40>", distributionMethod="<IDEDistributionMethodDeveloperID: 0x60000547f820>", team="<IDEProvisioningDisambiguatableBasicTeam: 0x600000264240; teamID='8XN79M4JCJ', teamName='Richard Hughes', teamType='Individual', username='richie_uk@icloud.com', isFreeProvisioningTeam='0'>">
	<IDEDistributionContext: 0x7f8b1f5f8cf0; archive = "<IDEArchive: 0x60001bf18c40>", distributionMethod="<IDEDistributionMethodDeveloperID: 0x60000547f820>", team="<IDEProvisioningDisambiguatableBasicTeam: 0x600000264240; teamID='8XN79M4JCJ', teamName='Richard Hughes', teamType='Individual', username='richie_uk@icloud.com', isFreeProvisioningTeam='0'>">
	<IDEDistributionContext: 0x7f8b23ade040; archive = "<IDEArchive: 0x60001bf18c40>", distributionMethod="<IDEDistributionMethodDeveloperID: 0x60000547f820>", team="(null)">
	<IDEDistributionContext: 0x7f8b3f49e020; archive = "<IDEArchive: 0x60001bf18c40>", distributionMethod="<IDEDistributionMethodDeveloperID: 0x60000547f820>", team="(null)">
	<IDEDistributionContext: 0x7f8b3f4ff020; archive = "<IDEArchive: 0x60001bf18c40>", distributionMethod="<IDEDistributionMethodDeveloperID: 0x60000547f820>", team="(null)">
	<IDEDistributionContext: 0x7f8b2095df20; archive = "<IDEArchive: 0x60001bf18c40>", distributionMethod="(null)", team="(null)">
	<IDEDistributionContext: 0x7f8b247aab80; archive = "<IDEArchive: 0x60001bf18c40>", distributionMethod="(null)", team="(null)">
</IDEDistributionProcessingPipelineContext: 0x7f8b2d3434b0>
2024-10-24 7:18:08 PM +0000  Processing step: IDEDistributionCreateDestRootStep
2024-10-24 7:18:08 PM +0000  Processing step: IDEDistributionCopyItemStep
2024-10-24 7:18:08 PM +0000  Running /usr/bin/ditto '-V' '/Users/richie/Library/Developer/Xcode/Archives/2024-10-24/piXel 24-10-2024, 8.17 PM.xcarchive/Products/Applications/piXel.app' '/var/folders/3j/hh0k7x8160v6x1ypw4bph8zr0000gn/T/XcodeDistPipeline.~~~50ICvo/Root/Applications/piXel.app'
2024-10-24 7:18:08 PM +0000  >>> Copying /Users/richie/Library/Developer/Xcode/Archives/2024-10-24/piXel 24-10-2024, 8.17 PM.xcarchive/Products/Applications/piXel.app 
2024-10-24 7:18:08 PM +0000  copying file ./Contents/_CodeSignature/CodeResources ... 
2024-10-24 7:18:08 PM +0000  4342 bytes for ./Contents/_CodeSignature/CodeResources
2024-10-24 7:18:08 PM +0000  copying file ./Contents/MacOS/piXel ... 
2024-10-24 7:18:08 PM +0000  245264 bytes for ./Contents/MacOS/piXel
2024-10-24 7:18:08 PM +0000  copying file ./Contents/Resources/piXel.png ... 
2024-10-24 7:18:08 PM +0000  11417 bytes for ./Contents/Resources/piXel.png
2024-10-24 7:18:08 PM +0000  copying file ./Contents/Resources/AppIcon.icns ... 
2024-10-24 7:18:08 PM +0000  19372 bytes for ./Contents/Resources/AppIcon.icns
2024-10-24 7:18:08 PM +0000  copying file ./Contents/Resources/Base.lproj/Main.storyboardc/MainMenu.nib ... 
2024-10-24 7:18:08 PM +0000  19129 bytes for ./Contents/Resources/Base.lproj/Main.storyboardc/MainMenu.nib
2024-10-24 7:18:08 PM +0000  copying file ./Contents/Resources/Base.lproj/Main.storyboardc/XfG-lQ-9wD-view-m2S-Jp-Qdl.nib ... 
2024-10-24 7:18:08 PM +0000  10456 bytes for ./Contents/Resources/Base.lproj/Main.storyboardc/XfG-lQ-9wD-view-m2S-Jp-Qdl.nib
2024-10-24 7:18:08 PM +0000  copying file ./Contents/Resources/Base.lproj/Main.storyboardc/NSWindowController-B8D-0N-5wS.nib ... 
2024-10-24 7:18:08 PM +0000  7521 bytes for ./Contents/Resources/Base.lproj/Main.storyboardc/NSWindowController-B8D-0N-5wS.nib
2024-10-24 7:18:08 PM +0000  copying file ./Contents/Resources/Base.lproj/Main.storyboardc/Info.plist ... 
2024-10-24 7:18:08 PM +0000  445 bytes for ./Contents/Resources/Base.lproj/Main.storyboardc/Info.plist
2024-10-24 7:18:08 PM +0000  copying file ./Contents/Resources/Credits.rtf ... 
2024-10-24 7:18:08 PM +0000  440 bytes for ./Contents/Resources/Credits.rtf
2024-10-24 7:18:08 PM +0000  copying file ./Contents/Resources/Assets.car ... 
2024-10-24 7:18:08 PM +0000  428568 bytes for ./Contents/Resources/Assets.car
2024-10-24 7:18:08 PM +0000  copying file ./Contents/Info.plist ... 
2024-10-24 7:18:08 PM +0000  1924 bytes for ./Contents/Info.plist
copying file ./Contents/PkgInfo ... 
2024-10-24 7:18:08 PM +0000  8 bytes for ./Contents/PkgInfo
2024-10-24 7:18:08 PM +0000  /usr/bin/ditto exited with 0
2024-10-24 7:18:08 PM +0000  Processing step: IDEDistributionEmbedProfileStep
2024-10-24 7:18:08 PM +0000  Skipping profile for item: <IDEDistributionItem: 0x60001f3f8fc0; bundleID='uk.insoft.piXel', path='<DVTFilePath:0x60001f3ede00:'/Users/richie/Library/Developer/Xcode/Archives/2024-10-24/piXel 24-10-2024, 8.17 PM.xcarchive/Products/Applications/piXel.app'>', codeSigningInfo='<_DVTCodeSigningInformation_Path: 0x60001f1e9860; isSigned='1', isAdHocSigned='1', signingCertificate='(null)', entitlements='{
    "com.apple.security.app-sandbox" = 1;
    "com.apple.security.files.downloads.read-write" = 1;
    "com.apple.security.files.user-selected.read-write" = 1;
}', teamID='(null)', identifier='uk.insoft.piXel', executablePath='<DVTFilePath:0x60001f34d800:'/Users/richie/Library/Developer/Xcode/Archives/2024-10-24/piXel 24-10-2024, 8.17 PM.xcarchive/Products/Applications/piXel.app/Contents/MacOS/piXel'>', hardenedRuntime='1'>'>
2024-10-24 7:18:08 PM +0000  Processing step: IDEDistributionInfoPlistStep
2024-10-24 7:18:08 PM +0000  Skipping step: IDEDistributionInfoPlistStep because it said so
2024-10-24 7:18:08 PM +0000  Processing step: IDEDistributionAppThinningPlistStep
2024-10-24 7:18:08 PM +0000  Processing step: IDEDistributionSymbolsStep
2024-10-24 7:18:08 PM +0000  Skipping step: IDEDistributionSymbolsStep because it said so
2024-10-24 7:18:08 PM +0000  Processing step: IDEDistributionAppThinningStep
2024-10-24 7:18:08 PM +0000  Skipping step: IDEDistributionAppThinningStep because it said so
2024-10-24 7:18:08 PM +0000  Processing step: IDEDistributionArchThinningStep
2024-10-24 7:18:08 PM +0000  Item /Users/richie/Library/Developer/Xcode/Archives/2024-10-24/piXel 24-10-2024, 8.17 PM.xcarchive/Products/Applications/piXel.app doesn't have the entitlement com.apple.developer.web-browser-engine.host enabled, returning ["arm64e"]
2024-10-24 7:18:08 PM +0000  Archs to thin for item /Users/richie/Library/Developer/Xcode/Archives/2024-10-24/piXel 24-10-2024, 8.17 PM.xcarchive/Products/Applications/piXel.app are ["arm64e"]
2024-10-24 7:18:08 PM +0000  Running /Applications/Xcode.app/Contents/Developer/Toolchains/XcodeDefault.xctoolchain/usr/bin/lipo '/var/folders/3j/hh0k7x8160v6x1ypw4bph8zr0000gn/T/XcodeDistPipeline.~~~50ICvo/Root/Applications/piXel.app/Contents/MacOS/piXel' '-verify_arch' 'arm64e'
2024-10-24 7:18:08 PM +0000  /Applications/Xcode.app/Contents/Developer/Toolchains/XcodeDefault.xctoolchain/usr/bin/lipo exited with 1
2024-10-24 7:18:08 PM +0000  Skipping architecture thinning for item "piXel" because arch "arm64e" wasn't found
2024-10-24 7:18:08 PM +0000  Processing step: IDEDistributionODRStep
2024-10-24 7:18:08 PM +0000  Processing step: IDEDistributionStripXattrsStep
2024-10-24 7:18:08 PM +0000  Skipping stripping extended attributes because the codesign step will strip them.
2024-10-24 7:18:08 PM +0000  Processing step: IDEDistributionCodesignStep
2024-10-24 7:18:08 PM +0000  Entitlements for <IDEDistributionItem: 0x60001f3f8fc0; bundleID='uk.insoft.piXel', path='<DVTFilePath:0x60001f3ede00:'/Users/richie/Library/Developer/Xcode/Archives/2024-10-24/piXel 24-10-2024, 8.17 PM.xcarchive/Products/Applications/piXel.app'>', codeSigningInfo='<_DVTCodeSigningInformation_Path: 0x60001f1e9860; isSigned='1', isAdHocSigned='1', signingCertificate='(null)', entitlements='{
    "com.apple.security.app-sandbox" = 1;
    "com.apple.security.files.downloads.read-write" = 1;
    "com.apple.security.files.user-selected.read-write" = 1;
}', teamID='(null)', identifier='uk.insoft.piXel', executablePath='<DVTFilePath:0x60001f34d800:'/Users/richie/Library/Developer/Xcode/Archives/2024-10-24/piXel 24-10-2024, 8.17 PM.xcarchive/Products/Applications/piXel.app/Contents/MacOS/piXel'>', hardenedRuntime='1'>'>: {
    "com.apple.security.app-sandbox" = 1;
    "com.apple.security.files.downloads.read-write" = 1;
    "com.apple.security.files.user-selected.read-write" = 1;
}
2024-10-24 7:18:08 PM +0000  Associated App Clip Identifiers Filter: Skipping because "com.apple.developer.associated-appclip-app-identifiers" is not present
2024-10-24 7:18:08 PM +0000  Entitlements for <IDEDistributionItem: 0x60001f3f8fc0; bundleID='uk.insoft.piXel', path='<DVTFilePath:0x60001f3ede00:'/Users/richie/Library/Developer/Xcode/Archives/2024-10-24/piXel 24-10-2024, 8.17 PM.xcarchive/Products/Applications/piXel.app'>', codeSigningInfo='<_DVTCodeSigningInformation_Path: 0x60001f1e9860; isSigned='1', isAdHocSigned='1', signingCertificate='(null)', entitlements='{
    "com.apple.security.app-sandbox" = 1;
    "com.apple.security.files.downloads.read-write" = 1;
    "com.apple.security.files.user-selected.read-write" = 1;
}', teamID='(null)', identifier='uk.insoft.piXel', executablePath='<DVTFilePath:0x60001f34d800:'/Users/richie/Library/Developer/Xcode/Archives/2024-10-24/piXel 24-10-2024, 8.17 PM.xcarchive/Products/Applications/piXel.app/Contents/MacOS/piXel'>', hardenedRuntime='1'>'> are: {
    "com.apple.security.app-sandbox" = 1;
    "com.apple.security.files.downloads.read-write" = 1;
    "com.apple.security.files.user-selected.read-write" = 1;
}
2024-10-24 7:18:08 PM +0000  Writing entitlements for <IDEDistributionItem: 0x60001f3f8fc0; bundleID='uk.insoft.piXel', path='<DVTFilePath:0x60001f3ede00:'/Users/richie/Library/Developer/Xcode/Archives/2024-10-24/piXel 24-10-2024, 8.17 PM.xcarchive/Products/Applications/piXel.app'>', codeSigningInfo='<_DVTCodeSigningInformation_Path: 0x60001f1e9860; isSigned='1', isAdHocSigned='1', signingCertificate='(null)', entitlements='{
    "com.apple.security.app-sandbox" = 1;
    "com.apple.security.files.downloads.read-write" = 1;
    "com.apple.security.files.user-selected.read-write" = 1;
}', teamID='(null)', identifier='uk.insoft.piXel', executablePath='<DVTFilePath:0x60001f34d800:'/Users/richie/Library/Developer/Xcode/Archives/2024-10-24/piXel 24-10-2024, 8.17 PM.xcarchive/Products/Applications/piXel.app/Contents/MacOS/piXel'>', hardenedRuntime='1'>'> to: /var/folders/3j/hh0k7x8160v6x1ypw4bph8zr0000gn/T/XcodeDistPipeline.~~~50ICvo/entitlements~~~cHB5wL
2024-10-24 7:18:08 PM +0000  invoking codesign: <NSConcreteTask: 0x60001f117110; launchPath='/usr/bin/codesign', arguments='(
    "-f",
    "-s",
    F7CE2FB8EBC3263A2083011FB898BFB0F587E69C,
    "--entitlements",
    "/var/folders/3j/hh0k7x8160v6x1ypw4bph8zr0000gn/T/XcodeDistPipeline.~~~50ICvo/entitlements~~~cHB5wL",
    "--requirements",
    "=designated => anchor apple generic  and identifier \"$self.identifier\" and ((cert leaf[field.1.2.840.113635.100.6.1.9] exists) or ( certificate 1[field.1.2.840.113635.100.6.2.6] exists and certificate leaf[field.1.2.840.113635.100.6.1.13] exists  and certificate leaf[subject.OU] = \"8XN79M4JCJ\" ))",
    "--preserve-metadata=identifier,flags,runtime",
    "--generate-entitlement-der",
    "--strip-disallowed-xattrs",
    "-vvv",
    "/var/folders/3j/hh0k7x8160v6x1ypw4bph8zr0000gn/T/XcodeDistPipeline.~~~50ICvo/Root/Applications/piXel.app"
)'>
2024-10-24 7:18:09 PM +0000  codesign output: /var/folders/3j/hh0k7x8160v6x1ypw4bph8zr0000gn/T/XcodeDistPipeline.~~~50ICvo/Root/Applications/piXel.app: replacing existing signature
/var/folders/3j/hh0k7x8160v6x1ypw4bph8zr0000gn/T/XcodeDistPipeline.~~~50ICvo/Root/Applications/piXel.app: signed app bundle with Mach-O universal (x86_64 arm64) [uk.insoft.piXel]
2024-10-24 7:18:09 PM +0000  Processing step: IDEDistributionZipODRItemStep
2024-10-24 7:18:09 PM +0000  Skipping step: IDEDistributionZipODRItemStep because it said so
2024-10-24 7:18:09 PM +0000  Processing step: IDEDistributionSkipPackagingStep
2024-10-24 7:18:09 PM +0000  Processing step: IDEDistributionAppStoreInformationStep
2024-10-24 7:18:09 PM +0000  Skipping step: IDEDistributionAppStoreInformationStep because it said so
2024-10-24 7:18:09 PM +0000  Processing step: IDEDistributionGenerateProcessedDistributionItems
2024-10-24 7:18:09 PM +0000  IDEDistributionItem init <DVTFilePath:0x60000f324840:'/var/folders/3j/hh0k7x8160v6x1ypw4bph8zr0000gn/T/XcodeDistPipeline.~~~50ICvo/Root/Applications/piXel.app'>
2024-10-24 7:18:09 PM +0000  [OPTIONAL] Didn't find embedded provisioning profile for <DVTFilePath:0x60000f324840:'/var/folders/3j/hh0k7x8160v6x1ypw4bph8zr0000gn/T/XcodeDistPipeline.~~~50ICvo/Root/Applications/piXel.app'>: Error Domain=NSCocoaErrorDomain Code=4 "No file at <DVTFilePath:0x60001bf05340:'/var/folders/3j/hh0k7x8160v6x1ypw4bph8zr0000gn/T/XcodeDistPipeline.~~~50ICvo/Root/Applications/piXel.app/Contents/embedded.provisionprofile'>" UserInfo={NSLocalizedDescription=No file at <DVTFilePath:0x60001bf05340:'/var/folders/3j/hh0k7x8160v6x1ypw4bph8zr0000gn/T/XcodeDistPipeline.~~~50ICvo/Root/Applications/piXel.app/Contents/embedded.provisionprofile'>}
2024-10-24 7:18:09 PM +0000  Processing step: IDEDistributionCreateManifestStep
2024-10-24 7:18:09 PM +0000  Skipping step: IDEDistributionCreateManifestStep because it said so
